<?xml version="1.0" ?>
<testsuites disabled="0" errors="0" failures="0" tests="10" time="10.0">
	<testsuite disabled="0" errors="0" failures="0" name="Findbugs" skipped="0" tests="10" time="10">
		<testcase name="DM_BOXED_PRIMITIVE_FOR_PARSING" time="1.000000">
			<system-err>Boxing/unboxing to parse a primitive new com.rackspace.jenkins_nodepool.Janitor() line:64</system-err>
		</testcase>
		<testcase name="NP_NULL_ON_SOME_PATH_FROM_RETURN_VALUE" time="1.000000">
			<system-err>Possible null pointer dereference in com.rackspace.jenkins_nodepool.Janitor.cleanNode(NodePoolSlave, String) due to return value of called method line:121</system-err>
		</testcase>
		<testcase name="NP_NULL_ON_SOME_PATH_FROM_RETURN_VALUE" time="1.000000">
			<system-err>Possible null pointer dereference in com.rackspace.jenkins_nodepool.Janitor.cleanNode(NodePoolSlave, String) due to return value of called method line:122</system-err>
		</testcase>
		<testcase name="NP_NULL_ON_SOME_PATH_FROM_RETURN_VALUE" time="1.000000">
			<system-err>Possible null pointer dereference in com.rackspace.jenkins_nodepool.Janitor.isMissing(NodePoolSlave) due to return value of called method line:138</system-err>
		</testcase>
		<testcase name="NP_NULL_ON_SOME_PATH_FROM_RETURN_VALUE" time="1.000000">
			<system-err>Possible null pointer dereference in com.rackspace.jenkins_nodepool.Janitor.isPreviouslyUsed(NodePoolSlave) due to return value of called method line:160</system-err>
		</testcase>
		<testcase name="SE_BAD_FIELD" time="1.000000">
			<system-err>Class com.rackspace.jenkins_nodepool.NodePool defines non-transient non-serializable instance field charset line:-1</system-err>
		</testcase>
		<testcase name="SE_METHOD_MUST_BE_PRIVATE" time="1.000000">
			<system-err>The method readObject(ObjectInputStream) must be private to be invoked in serialization/deserialization of com.rackspace.jenkins_nodepool.NodePool line:122</system-err>
		</testcase>
		<testcase name="SE_NO_SERIALVERSIONID" time="1.000000">
			<system-err>com.rackspace.jenkins_nodepool.NodePool is Serializable; consider declaring a serialVersionUID line:73</system-err>
		</testcase>
		<testcase name="NP_NULL_ON_SOME_PATH" time="1.000000">
			<system-err>Possible null pointer dereference of npn in com.rackspace.jenkins_nodepool.NodePoolComputer.setNodePoolNode(NodePoolNode) line:111</system-err>
		</testcase>
		<testcase name="SE_NO_SERIALVERSIONID" time="1.000000">
			<system-err>com.rackspace.jenkins_nodepool.NodePoolNode is Serializable; consider declaring a serialVersionUID line:16</system-err>
		</testcase>
	</testsuite>
</testsuites>
